0 info it worked if it ends with ok
1 verbose cli [ 'C:\\Program Files\\nodejs\\\\node.exe',
1 verbose cli   'C:\\Program Files\\nodejs\\node_modules\\npm\\bin\\npm-cli.js',
1 verbose cli   'publish' ]
2 info using npm@2.5.1
3 info using node@v0.12.0
4 verbose node symlink C:\Program Files\nodejs\\node.exe
5 verbose publish [ '.' ]
6 silly cache add args [ '.', null ]
7 verbose cache add spec .
8 silly cache add parsed spec { raw: '.',
8 silly cache add   scope: null,
8 silly cache add   name: null,
8 silly cache add   rawSpec: '.',
8 silly cache add   spec: 'D:\\NODE-DEC\\01-Basics\\01-BasicModule\\Sample',
8 silly cache add   type: 'local' }
9 error addLocal Could not install D:\NODE-DEC\01-Basics\01-BasicModule\Sample
10 verbose stack Error: EISDIR, read
10 verbose stack     at Error (native)
11 verbose cwd D:\NODE-DEC\01-Basics\01-BasicModule\Sample
12 error Windows_NT 6.3.9600
13 error argv "C:\\Program Files\\nodejs\\\\node.exe" "C:\\Program Files\\nodejs\\node_modules\\npm\\bin\\npm-cli.js" "publish"
14 error node v0.12.0
15 error npm  v2.5.1
16 error code EISDIR
17 error errno -4068
18 error EISDIR, read
19 error If you need help, you may report this error at:
19 error     <http://github.com/npm/npm/issues>
20 verbose exit [ -4068, true ]
